2023-07-12 12:02:06,803 [INFO] Activator:176 - 


2023-07-12 12:02:06,813 [INFO] Activator:177 - !SESSION log4j initialized
2023-07-12 12:02:12,633 [INFO] LogOutputStream:77 - [STDOUT_REDIRECT] 
2023-07-12 12:02:33,892 [ERROR] LogOutputStream:75 - [STDERR_REDIRECT] SLF4J: Failed to load class "org.slf4j.impl.StaticLoggerBinder".
2023-07-12 12:02:33,893 [ERROR] LogOutputStream:75 - [STDERR_REDIRECT] SLF4J: Defaulting to no-operation (NOP) logger implementation
2023-07-12 12:02:33,894 [ERROR] LogOutputStream:75 - [STDERR_REDIRECT] SLF4J: See http://www.slf4j.org/codes.html#StaticLoggerBinder for further details.
2023-07-12 12:06:26,168 [ERROR] LogOutputStream:75 - [STDERR_REDIRECT] Warning: NLS missing message: ExternalToolsPreferencePage_External_tool_project_builders_migration_2 in: org.eclipse.ui.externaltools.internal.ui.ExternalToolsUIMessages
2023-07-12 12:06:26,169 [ERROR] LogOutputStream:75 - [STDERR_REDIRECT] Warning: NLS missing message: ExternalToolsPreferencePage_Prompt_before_migrating_3 in: org.eclipse.ui.externaltools.internal.ui.ExternalToolsUIMessages
2023-07-12 12:06:26,170 [ERROR] LogOutputStream:75 - [STDERR_REDIRECT] Warning: NLS missing message: ExternalToolsPreferencePage_1 in: org.eclipse.ui.externaltools.internal.ui.ExternalToolsUIMessages
2023-07-12 12:35:57,588 [INFO] Activator:176 - 


2023-07-12 12:35:57,591 [INFO] Activator:177 - !SESSION log4j initialized
2023-07-12 12:36:02,661 [INFO] LogOutputStream:77 - [STDOUT_REDIRECT] 
2023-07-12 12:36:23,912 [ERROR] LogOutputStream:75 - [STDERR_REDIRECT] SLF4J: Failed to load class "org.slf4j.impl.StaticLoggerBinder".
2023-07-12 12:36:23,913 [ERROR] LogOutputStream:75 - [STDERR_REDIRECT] SLF4J: Defaulting to no-operation (NOP) logger implementation
2023-07-12 12:36:23,914 [ERROR] LogOutputStream:75 - [STDERR_REDIRECT] SLF4J: See http://www.slf4j.org/codes.html#StaticLoggerBinder for further details.
2023-07-12 12:44:47,133 [INFO] Activator:176 - 


2023-07-12 12:44:47,135 [INFO] Activator:177 - !SESSION log4j initialized
2023-07-12 12:44:52,234 [INFO] LogOutputStream:77 - [STDOUT_REDIRECT] 
2023-07-12 12:44:59,238 [INFO] ApplicationProperties:184 - Using Application install path: /opt/st/stm32cubeide_1.12.0/plugins/com.st.stm32cube.common.mx_6.8.0.202302231600
2023-07-12 12:44:59,263 [INFO] DbMcusXml:78 - Set database path to: /opt/st/stm32cubeide_1.12.0/plugins/com.st.stm32cube.common.mx_6.8.0.202302231600//db//mcu/
2023-07-12 12:44:59,264 [INFO] ApiDb:274 - Set plugin database path to: /opt/st/stm32cubeide_1.12.0/plugins/com.st.stm32cube.common.mx_6.8.0.202302231600//db//plugins/boardmanager/
2023-07-12 12:44:59,268 [WARN] ApiDb:259 - Overriding images path with different value:  => /opt/st/stm32cubeide_1.12.0/plugins/com.st.stm32cube.common.mx_6.8.0.202302231600//db//plugins/mcufinder/images/
2023-07-12 12:44:59,292 [INFO] ApiDb:250 - Set database path to: /home/jerryl/.stmcufinder/plugins/mcufinder//mcu/
2023-07-12 12:44:59,294 [INFO] DbMcusAds:125 - Set database path to: /home/jerryl/.stmcufinder/plugins/mcufinder//mcu/
2023-07-12 12:44:59,297 [INFO] CrossReferenceDbSqlite:203 - Set database path to: /home/jerryl/.stmcufinder/plugins/mcufinder//mcu/cs/
2023-07-12 12:44:59,466 [INFO] RulesReader:64 - Compatibility file has been processed (293 Rules)
2023-07-12 12:44:59,565 [INFO] DbMcusXml:78 - Set database path to: /opt/st/stm32cubeide_1.12.0/plugins/com.st.stm32cube.common.mx_6.8.0.202302231600//db//mcu/
2023-07-12 12:44:59,565 [INFO] ApiDb:274 - Set plugin database path to: /opt/st/stm32cubeide_1.12.0/plugins/com.st.stm32cube.common.mx_6.8.0.202302231600//db//plugins/boardmanager/
2023-07-12 12:44:59,566 [INFO] ApiDb:261 - Set plugin images path to: /opt/st/stm32cubeide_1.12.0/plugins/com.st.stm32cube.common.mx_6.8.0.202302231600//db//plugins/mcufinder/images/
2023-07-12 12:44:59,566 [WARN] DbFile:41 - Overriding database path with different value: /home/jerryl/.stmcufinder/plugins/mcufinder/ => /home/jerryl/.stmcufinder/plugins/mcufinder
2023-07-12 12:44:59,566 [INFO] ApiDb:250 - Set database path to: /home/jerryl/.stmcufinder/plugins/mcufinder//mcu/
2023-07-12 12:44:59,567 [WARN] DbFile:41 - Overriding database path with different value: /home/jerryl/.stmcufinder/plugins/mcufinder/ => /home/jerryl/.stmcufinder/plugins/mcufinder
2023-07-12 12:44:59,567 [INFO] DbMcusAds:125 - Set database path to: /home/jerryl/.stmcufinder/plugins/mcufinder//mcu/
2023-07-12 12:44:59,567 [WARN] DbFile:41 - Overriding database path with different value: /home/jerryl/.stmcufinder/plugins/mcufinder/ => /home/jerryl/.stmcufinder/plugins/mcufinder
2023-07-12 12:44:59,567 [WARN] DbFile:41 - Overriding database path with different value: /home/jerryl/.stmcufinder/plugins/mcufinder/ => /home/jerryl/.stmcufinder/plugins/mcufinder
2023-07-12 12:44:59,567 [INFO] CrossReferenceDbSqlite:203 - Set database path to: /home/jerryl/.stmcufinder/plugins/mcufinder//mcu/cs/
2023-07-12 12:44:59,671 [INFO] MainPanel:253 - HeapMemory: 268435456
2023-07-12 12:44:59,810 [INFO] DbMcusXml:78 - Set database path to: /opt/st/stm32cubeide_1.12.0/plugins/com.st.stm32cube.common.mx_6.8.0.202302231600//db//mcu/
2023-07-12 12:44:59,811 [INFO] ApiDb:274 - Set plugin database path to: /opt/st/stm32cubeide_1.12.0/plugins/com.st.stm32cube.common.mx_6.8.0.202302231600//db//plugins/boardmanager/
2023-07-12 12:44:59,811 [INFO] ApiDb:261 - Set plugin images path to: /opt/st/stm32cubeide_1.12.0/plugins/com.st.stm32cube.common.mx_6.8.0.202302231600//db//plugins/mcufinder/images/
2023-07-12 12:44:59,811 [WARN] DbFile:41 - Overriding database path with different value: /home/jerryl/.stmcufinder/plugins/mcufinder/ => /home/jerryl/.stmcufinder/plugins/mcufinder
2023-07-12 12:44:59,811 [INFO] ApiDb:250 - Set database path to: /home/jerryl/.stmcufinder/plugins/mcufinder//mcu/
2023-07-12 12:44:59,812 [WARN] DbFile:41 - Overriding database path with different value: /home/jerryl/.stmcufinder/plugins/mcufinder/ => /home/jerryl/.stmcufinder/plugins/mcufinder
2023-07-12 12:44:59,812 [INFO] DbMcusAds:125 - Set database path to: /home/jerryl/.stmcufinder/plugins/mcufinder//mcu/
2023-07-12 12:44:59,812 [WARN] DbFile:41 - Overriding database path with different value: /home/jerryl/.stmcufinder/plugins/mcufinder/ => /home/jerryl/.stmcufinder/plugins/mcufinder
2023-07-12 12:44:59,812 [WARN] DbFile:41 - Overriding database path with different value: /home/jerryl/.stmcufinder/plugins/mcufinder/ => /home/jerryl/.stmcufinder/plugins/mcufinder
2023-07-12 12:44:59,812 [INFO] CrossReferenceDbSqlite:203 - Set database path to: /home/jerryl/.stmcufinder/plugins/mcufinder//mcu/cs/
2023-07-12 12:44:59,834 [INFO] ApplicationProperties:184 - Using Application install path: /opt/st/stm32cubeide_1.12.0/plugins/com.st.stm32cube.common.mx_6.8.0.202302231600
2023-07-12 12:44:59,836 [INFO] PluginManage:196 - Search for loadable plugins [exclusion list=, ]
2023-07-12 12:44:59,838 [INFO] PluginManage:310 - Check plugin analytics
2023-07-12 12:45:00,046 [INFO] AnalyticsPlugin:253 - Accepted Software Licenses: STM32CubeMX.6.8.0
2023-07-12 12:45:00,047 [INFO] AnalyticsPlugin:255 - Accepted CMSIS Pack Licenses: 
2023-07-12 12:45:00,047 [INFO] AnalyticsPlugin:257 - Accepted Firmware Licenses: 
2023-07-12 12:45:00,058 [INFO] PluginManage:359 - Loaded plugin analytics (category:tool,tabindex:-1)
2023-07-12 12:45:00,059 [INFO] PluginManage:310 - Check plugin cadmodel
2023-07-12 12:45:00,170 [INFO] CADModel:105 - Init CAD model plugin
2023-07-12 12:45:00,170 [INFO] PluginManage:359 - Loaded plugin cadmodel (category:power,tabindex:5)
2023-07-12 12:45:00,171 [INFO] PluginManage:310 - Check plugin clock
2023-07-12 12:45:00,188 [INFO] PluginManage:359 - Loaded plugin clock (category:base,tabindex:2)
2023-07-12 12:45:00,188 [INFO] PluginManage:310 - Check plugin ddr
2023-07-12 12:45:00,192 [INFO] PluginManage:359 - Loaded plugin ddr (category:tool,tabindex:6)
2023-07-12 12:45:00,193 [INFO] PluginManage:310 - Check plugin filemanager
2023-07-12 12:45:00,385 [INFO] PluginManage:359 - Loaded plugin filemanager (category:base,tabindex:10)
2023-07-12 12:45:00,385 [INFO] PluginManage:310 - Check plugin ipmanager
2023-07-12 12:45:00,393 [INFO] PluginManage:359 - Loaded plugin ipmanager (category:base,tabindex:5)
2023-07-12 12:45:00,393 [INFO] PluginManage:310 - Check plugin lpbam
2023-07-12 12:45:00,406 [INFO] PluginManage:359 - Loaded plugin lpbam (category:base,tabindex:0)
2023-07-12 12:45:00,406 [INFO] PluginManage:310 - Check plugin pinoutandconfiguration
2023-07-12 12:45:00,417 [INFO] PluginManage:359 - Loaded plugin pinoutandconfiguration (category:base,tabindex:1)
2023-07-12 12:45:00,417 [INFO] PluginManage:310 - Check plugin pinoutconfig
2023-07-12 12:45:00,526 [WARN] SupportedApi:132 - Cannot load RTOS API schema: s4s-elt-must-match.1: The content of 'definitions' must match (annotation?, (simpleType | complexType)?, (unique | key | keyref)*)). A problem was found starting at: attribute.
2023-07-12 12:45:00,714 [INFO] PluginManage:359 - Loaded plugin pinoutconfig (category:base,tabindex:0)
2023-07-12 12:45:00,715 [INFO] PluginManage:310 - Check plugin power
2023-07-12 12:45:00,737 [INFO] PluginManage:359 - Loaded plugin power (category:power,tabindex:4)
2023-07-12 12:45:00,737 [INFO] PluginManage:310 - Check plugin projectmanager
2023-07-12 12:45:00,765 [INFO] PluginManage:359 - Loaded plugin projectmanager (category:projectmanager,tabindex:3)
2023-07-12 12:45:00,765 [INFO] PluginManage:310 - Check plugin thirdparty
2023-07-12 12:45:00,964 [WARN] IntegrityCheckThread:84 - waiting for thirdparty lock release [integrity check]
2023-07-12 12:45:00,965 [INFO] PluginManage:359 - Loaded plugin thirdparty (category:base,tabindex:-1)
2023-07-12 12:45:00,965 [INFO] IntegrityCheckThread:86 - entering critical section [integrity check]
2023-07-12 12:45:00,965 [INFO] PluginManage:310 - Check plugin tools
2023-07-12 12:45:00,968 [INFO] ThirdPartyUpdaterWithRetryManager:70 - Updater plugin not ready yet. [1/15]
2023-07-12 12:45:00,969 [INFO] PluginManage:359 - Loaded plugin tools (category:base,tabindex:7)
2023-07-12 12:45:00,970 [INFO] PluginManage:310 - Check plugin tutovideos
2023-07-12 12:45:01,224 [INFO] PluginManage:359 - Loaded plugin tutovideos (category:base,tabindex:-1)
2023-07-12 12:45:01,224 [INFO] PluginManage:310 - Check plugin updater
2023-07-12 12:45:01,246 [INFO] PluginManage:359 - Loaded plugin updater (category:base,tabindex:12)
2023-07-12 12:45:01,247 [INFO] PluginManage:283 - PluginManage : Loaded plugins [15]
2023-07-12 12:45:01,528 [INFO] PinOutPanel:1499 - setPackage(No Configuration,No Configuration)
2023-07-12 12:45:01,600 [INFO] CADModel:165 - CPN selected for project level
2023-07-12 12:45:01,600 [INFO] CADModel:114 - Register for checkConnection events
2023-07-12 12:45:01,615 [INFO] IPUIPlugin:80 - create IPUIPlugin
2023-07-12 12:45:01,615 [INFO] PluginManager:220 - loadIPPluginJar : add genericplugin
2023-07-12 12:45:01,620 [INFO] IPUIPlugin:80 - create IPUIPlugin
2023-07-12 12:45:01,621 [INFO] PluginManager:220 - loadIPPluginJar : add nvic
2023-07-12 12:45:01,623 [INFO] IPUIPlugin:80 - create IPUIPlugin
2023-07-12 12:45:01,623 [INFO] PluginManager:220 - loadIPPluginJar : add comp
2023-07-12 12:45:01,631 [INFO] IPUIPlugin:80 - create IPUIPlugin
2023-07-12 12:45:01,631 [INFO] PluginManager:220 - loadIPPluginJar : add ipddr
2023-07-12 12:45:01,635 [INFO] IPUIPlugin:80 - create IPUIPlugin
2023-07-12 12:45:01,635 [INFO] PluginManager:220 - loadIPPluginJar : add sai
2023-07-12 12:45:01,638 [INFO] IPUIPlugin:80 - create IPUIPlugin
2023-07-12 12:45:01,638 [INFO] PluginManager:220 - loadIPPluginJar : add spi
2023-07-12 12:45:01,647 [INFO] IPUIPlugin:80 - create IPUIPlugin
2023-07-12 12:45:01,647 [INFO] PluginManager:220 - loadIPPluginJar : add dma
2023-07-12 12:45:01,650 [INFO] IPUIPlugin:80 - create IPUIPlugin
2023-07-12 12:45:01,650 [INFO] PluginManager:220 - loadIPPluginJar : add ts
2023-07-12 12:45:01,653 [INFO] IPUIPlugin:80 - create IPUIPlugin
2023-07-12 12:45:01,654 [INFO] PluginManager:220 - loadIPPluginJar : add can
2023-07-12 12:45:01,657 [INFO] IPUIPlugin:80 - create IPUIPlugin
2023-07-12 12:45:01,657 [INFO] PluginManager:220 - loadIPPluginJar : add i2s
2023-07-12 12:45:01,660 [INFO] IPUIPlugin:80 - create IPUIPlugin
2023-07-12 12:45:01,661 [INFO] PluginManager:220 - loadIPPluginJar : add usart
2023-07-12 12:45:01,665 [INFO] IPUIPlugin:80 - create IPUIPlugin
2023-07-12 12:45:01,665 [INFO] PluginManager:220 - loadIPPluginJar : add openamp
2023-07-12 12:45:01,674 [INFO] IPUIPlugin:80 - create IPUIPlugin
2023-07-12 12:45:01,674 [INFO] PluginManager:220 - loadIPPluginJar : add linkedlist
2023-07-12 12:45:01,677 [INFO] IPUIPlugin:80 - create IPUIPlugin
2023-07-12 12:45:01,677 [INFO] PluginManager:220 - loadIPPluginJar : add usbx
2023-07-12 12:45:01,680 [INFO] IPUIPlugin:80 - create IPUIPlugin
2023-07-12 12:45:01,680 [INFO] PluginManager:220 - loadIPPluginJar : add ucpd
2023-07-12 12:45:01,682 [INFO] IPUIPlugin:80 - create IPUIPlugin
2023-07-12 12:45:01,682 [INFO] PluginManager:220 - loadIPPluginJar : add quadspi
2023-07-12 12:45:01,685 [INFO] IPUIPlugin:80 - create IPUIPlugin
2023-07-12 12:45:01,685 [INFO] PluginManager:220 - loadIPPluginJar : add tracer_emb
2023-07-12 12:45:01,695 [INFO] IPUIPlugin:80 - create IPUIPlugin
2023-07-12 12:45:01,695 [INFO] PluginManager:220 - loadIPPluginJar : add mdma
2023-07-12 12:45:01,699 [INFO] IPUIPlugin:80 - create IPUIPlugin
2023-07-12 12:45:01,699 [INFO] PluginManager:220 - loadIPPluginJar : add gtzc
2023-07-12 12:45:01,702 [INFO] IPUIPlugin:80 - create IPUIPlugin
2023-07-12 12:45:01,702 [INFO] PluginManager:220 - loadIPPluginJar : add tim
2023-07-12 12:45:01,710 [INFO] IPUIPlugin:80 - create IPUIPlugin
2023-07-12 12:45:01,710 [INFO] PluginManager:220 - loadIPPluginJar : add resmgrutility
2023-07-12 12:45:01,717 [INFO] IPUIPlugin:80 - create IPUIPlugin
2023-07-12 12:45:01,717 [INFO] PluginManager:220 - loadIPPluginJar : add gpio
2023-07-12 12:45:01,723 [INFO] IPUIPlugin:80 - create IPUIPlugin
2023-07-12 12:45:01,723 [INFO] PluginManager:220 - loadIPPluginJar : add fmc
2023-07-12 12:45:01,732 [INFO] IPUIPlugin:80 - create IPUIPlugin
2023-07-12 12:45:01,736 [INFO] PluginManager:220 - loadIPPluginJar : add plateformsettings
2023-07-12 12:45:01,745 [INFO] IPUIPlugin:80 - create IPUIPlugin
2023-07-12 12:45:01,745 [INFO] PluginManager:220 - loadIPPluginJar : add freertos
2023-07-12 12:45:01,749 [INFO] IPUIPlugin:80 - create IPUIPlugin
2023-07-12 12:45:01,749 [INFO] PluginManager:220 - loadIPPluginJar : add cryp
2023-07-12 12:45:01,752 [INFO] IPUIPlugin:80 - create IPUIPlugin
2023-07-12 12:45:01,753 [INFO] PluginManager:220 - loadIPPluginJar : add dma3
2023-07-12 12:45:01,756 [INFO] IPUIPlugin:80 - create IPUIPlugin
2023-07-12 12:45:01,757 [INFO] PluginManager:220 - loadIPPluginJar : add i3c
2023-07-12 12:45:01,760 [INFO] IPUIPlugin:80 - create IPUIPlugin
2023-07-12 12:45:01,760 [INFO] PluginManager:220 - loadIPPluginJar : add lorawan
2023-07-12 12:45:01,763 [INFO] IPUIPlugin:80 - create IPUIPlugin
2023-07-12 12:45:01,763 [INFO] PluginManager:220 - loadIPPluginJar : add i2c
2023-07-12 12:45:01,765 [INFO] IPUIPlugin:80 - create IPUIPlugin
2023-07-12 12:45:01,766 [INFO] PluginManager:220 - loadIPPluginJar : add tsc
2023-07-12 12:45:01,768 [INFO] IPUIPlugin:80 - create IPUIPlugin
2023-07-12 12:45:01,769 [INFO] PluginManager:220 - loadIPPluginJar : add aes
2023-07-12 12:45:01,772 [INFO] IPUIPlugin:80 - create IPUIPlugin
2023-07-12 12:45:01,772 [INFO] PluginManager:220 - loadIPPluginJar : add opamp
2023-07-12 12:45:01,777 [INFO] IPUIPlugin:80 - create IPUIPlugin
2023-07-12 12:45:01,777 [INFO] PluginManager:220 - loadIPPluginJar : add pdm2pcm
2023-07-12 12:45:01,784 [INFO] IPUIPlugin:80 - create IPUIPlugin
2023-07-12 12:45:01,784 [INFO] PluginManager:220 - loadIPPluginJar : add gic
2023-07-12 12:45:01,787 [INFO] IPUIPlugin:80 - create IPUIPlugin
2023-07-12 12:45:01,787 [INFO] PluginManager:220 - loadIPPluginJar : add hash
2023-07-12 12:45:01,790 [INFO] IPUIPlugin:80 - create IPUIPlugin
2023-07-12 12:45:01,790 [INFO] PluginManager:220 - loadIPPluginJar : add dfsdm
2023-07-12 12:45:01,792 [INFO] IPUIPlugin:80 - create IPUIPlugin
2023-07-12 12:45:01,792 [INFO] PluginManager:220 - loadIPPluginJar : add fatfs
2023-07-12 12:45:01,796 [INFO] IPUIPlugin:80 - create IPUIPlugin
2023-07-12 12:45:01,796 [INFO] PluginManager:220 - loadIPPluginJar : add touchsensing
2023-07-12 12:45:01,804 [INFO] IPUIPlugin:80 - create IPUIPlugin
2023-07-12 12:45:01,804 [INFO] PluginManager:220 - loadIPPluginJar : add adc
2023-07-12 12:45:01,807 [INFO] IPUIPlugin:80 - create IPUIPlugin
2023-07-12 12:45:01,807 [INFO] PluginManager:220 - loadIPPluginJar : add gfxmmu
2023-07-12 12:45:01,809 [INFO] IPUIPlugin:80 - create IPUIPlugin
2023-07-12 12:45:01,809 [INFO] PluginManager:220 - loadIPPluginJar : add ltdc
2023-07-12 12:45:01,815 [INFO] IPUIPlugin:80 - create IPUIPlugin
2023-07-12 12:45:01,815 [INFO] PluginManager:220 - loadIPPluginJar : add stm32_wpan
2023-07-12 12:45:01,936 [INFO] CADModel:165 - CPN selected for project level
2023-07-12 12:45:01,936 [INFO] CADModel:114 - Register for checkConnection events
2023-07-12 12:45:01,936 [FATAL] Updater:308 - Updater called before beeing initialized
2023-07-12 12:45:01,936 [ERROR] CADModel:125 - Updater not yet initialized, retry later 
2023-07-12 12:45:02,141 [INFO] CADModel:165 - CPN selected for project level
2023-07-12 12:45:02,141 [INFO] CADModel:114 - Register for checkConnection events
2023-07-12 12:45:02,141 [FATAL] Updater:308 - Updater called before beeing initialized
2023-07-12 12:45:02,141 [ERROR] CADModel:125 - Updater not yet initialized, retry later 
2023-07-12 12:45:02,146 [FATAL] Updater:308 - Updater called before beeing initialized
2023-07-12 12:45:02,282 [FATAL] Updater:308 - Updater called before beeing initialized
2023-07-12 12:45:02,291 [INFO] DbMcusAds:53 - JSON generation date=Tue Mar 07 03:50:55 EST 2023 (1678179055335)
2023-07-12 12:45:02,291 [FATAL] Updater:308 - Updater called before beeing initialized
2023-07-12 12:45:02,382 [WARN] DetailPanel:346 - Failed to get advertising image, set to default
2023-07-12 12:45:02,523 [FATAL] Updater:308 - Updater called before beeing initialized
2023-07-12 12:45:02,526 [FATAL] Updater:308 - Updater called before beeing initialized
2023-07-12 12:45:02,526 [FATAL] Updater:308 - Updater called before beeing initialized
2023-07-12 12:45:02,526 [WARN] DetailPanel:346 - Failed to get advertising image, set to default
2023-07-12 12:45:02,528 [FATAL] Updater:308 - Updater called before beeing initialized
2023-07-12 12:45:02,578 [ERROR] Updater:1120 - MainUpdater not yet initialized. External WinMGr cannot be set.
2023-07-12 12:45:02,580 [INFO] Updater:1056 - Updater Version found : 6.8.0
2023-07-12 12:45:02,604 [INFO] ApplicationProperties:184 - Using Application install path: /opt/st/stm32cubeide_1.12.0/plugins/com.st.stm32cube.common.mx_6.8.0.202302231600
2023-07-12 12:45:02,807 [INFO] MainUpdater:2854 - connection check result : 10
2023-07-12 12:45:02,808 [INFO] MainUpdater:283 - Updater Check For Update Now.
2023-07-12 12:45:02,808 [INFO] MicroXplorer:498 - Change Database Version : DB.6.0.80
2023-07-12 12:45:02,995 [INFO] CheckServerUpdateThread:120 - End of CheckServer Thread
2023-07-12 12:45:03,017 [INFO] MainUpdater:2854 - connection check result : 10
2023-07-12 12:45:03,019 [INFO] MainUpdater:2854 - connection check result : 10
2023-07-12 12:45:03,074 [INFO] MicroXplorer:468 - Change Database Path : 
2023-07-12 12:45:03,075 [INFO] MicroXplorer:498 - Change Database Version : DB.6.0.80
2023-07-12 12:45:03,076 [WARN] ThirdParty:871 - waiting for thirdparty lock release [close project]
2023-07-12 12:45:04,154 [WARN] PackLoader:240 - Cannot read IP mode file for STMicroelectronics.X-CUBE-SMBUS.2.1.0
2023-07-12 12:45:04,218 [WARN] PackLoader:240 - Cannot read IP mode file for STMicroelectronics.X-CUBE-AZRTOS-F7.1.1.0
2023-07-12 12:45:04,238 [ERROR] RealEvaluatedCondition:428 - Found unsupported composite condition: CLASS='Data Exchange' GROUP='STM32_MetaDataManager'
2023-07-12 12:45:04,239 [ERROR] RealEvaluatedCondition:428 - Found unsupported composite condition: GROUP='STM32_MetaDataManager' CLASS='Data Exchange'
2023-07-12 12:45:04,243 [WARN] PackLoader:240 - Cannot read IP mode file for STMicroelectronics.FP-SNS-MOTENV1.4.3.0
2023-07-12 12:45:04,257 [WARN] PackLoader:240 - Cannot read IP mode file for STMicroelectronics.FP-SNS-MOTENV1.4.3.2
2023-07-12 12:45:04,269 [WARN] PackLoader:240 - Cannot read IP mode file for STMicroelectronics.FP-SNS-FLIGHT1.5.0.0
2023-07-12 12:45:04,274 [ERROR] RealEvaluatedCondition:428 - Found unsupported composite condition: CLASS='Data Exchange' GROUP='STM32_MetaDataManager'
2023-07-12 12:45:04,275 [ERROR] RealEvaluatedCondition:428 - Found unsupported composite condition: CLASS='Data Exchange' GROUP='STM32_MetaDataManager'
2023-07-12 12:45:04,279 [WARN] PackLoader:240 - Cannot read IP mode file for STMicroelectronics.FP-SNS-MOTENV1.4.3.1
2023-07-12 12:45:04,289 [WARN] PackLoader:240 - Cannot read IP mode file for STMicroelectronics.FP-SNS-FLIGHT1.5.0.1
2023-07-12 12:45:04,301 [WARN] PackLoader:240 - Cannot read IP mode file for STMicroelectronics.X-CUBE-BLE1.6.2.4
2023-07-12 12:45:04,316 [WARN] PackLoader:240 - Cannot read IP mode file for STMicroelectronics.X-CUBE-DISPLAY.3.0.0
2023-07-12 12:45:04,338 [WARN] PackLoader:240 - Cannot read IP mode file for STMicroelectronics.X-CUBE-TOUCHGFX.4.22.0
2023-07-12 12:45:04,357 [INFO] LogOutputStream:77 - [STDOUT_REDIRECT] 1 : Invalid condition id : UX_CORESTACK_Condition cause : null
2023-07-12 12:45:04,358 [INFO] LogOutputStream:77 - [STDOUT_REDIRECT] 1 : Invalid condition id : UX_CORESTACK_Condition cause : null
2023-07-12 12:45:04,358 [INFO] LogOutputStream:77 - [STDOUT_REDIRECT] 1 : Invalid condition id : UX_CORESTACK_Condition cause : null
2023-07-12 12:45:04,359 [INFO] LogOutputStream:77 - [STDOUT_REDIRECT] 1 : Invalid condition id : UX_CORESTACK_Condition cause : null
2023-07-12 12:45:04,359 [INFO] LogOutputStream:77 - [STDOUT_REDIRECT] 1 : Invalid condition id : UX_CORESTACK_Condition cause : null
2023-07-12 12:45:04,430 [WARN] PackLoader:240 - Cannot read IP mode file for STMicroelectronics.X-CUBE-AZRTOS-WL.2.0.0
2023-07-12 12:45:04,449 [WARN] PackLoader:240 - Cannot read IP mode file for WES.I-CUBE-Cesium.1.3.0
2023-07-12 12:45:04,456 [WARN] PackLoader:240 - Cannot read IP mode file for STMicroelectronics.X-CUBE-BLE2.3.3.0
2023-07-12 12:45:04,520 [WARN] PackLoader:240 - Cannot read IP mode file for STMicroelectronics.X-CUBE-TOF1.3.2.0
2023-07-12 12:45:04,564 [WARN] PackLoader:240 - Cannot read IP mode file for STMicroelectronics.X-CUBE-TOUCHGFX.4.21.1
2023-07-12 12:45:04,570 [WARN] PackLoader:240 - Cannot read IP mode file for STMicroelectronics.X-CUBE-TOUCHGFX.4.21.4
2023-07-12 12:45:04,591 [WARN] PackLoader:240 - Cannot read IP mode file for STMicroelectronics.X-CUBE-ALGOBUILD.1.3.0
2023-07-12 12:45:04,645 [WARN] PackLoader:240 - Cannot read IP mode file for STMicroelectronics.X-CUBE-AZRTOS-G0.1.1.0
2023-07-12 12:45:04,662 [WARN] PackLoader:240 - Cannot read IP mode file for STMicroelectronics.X-CUBE-NFC4.3.0.0
2023-07-12 12:45:04,671 [WARN] PackLoader:240 - Cannot read IP mode file for STMicroelectronics.FP-ATR-SIGFOX1.3.2.0
2023-07-12 12:45:04,786 [WARN] PackLoader:240 - Cannot read IP mode file for STMicroelectronics.X-CUBE-MEMS1.9.5.0
2023-07-12 12:45:05,238 [WARN] PackLoader:240 - Cannot read IP mode file for SEGGER.I-CUBE-embOS.1.3.1
2023-07-12 12:45:05,323 [WARN] PackLoader:240 - Cannot read IP mode file for STMicroelectronics.X-CUBE-GNSS1.6.0.0
2023-07-12 12:45:05,345 [WARN] PackLoader:240 - Cannot read IP mode file for STMicroelectronics.X-CUBE-AZRTOS-F4.1.1.0
2023-07-12 12:45:05,406 [WARN] PackLoader:240 - Cannot read IP mode file for STMicroelectronics.X-CUBE-MEMS1.9.6.0
2023-07-12 12:45:05,645 [WARN] PackLoader:240 - Cannot read IP mode file for emotas.I-CUBE-CANOPEN.1.1.3
2023-07-12 12:45:05,657 [WARN] PackLoader:240 - Cannot read IP mode file for STMicroelectronics.X-CUBE-BLEMGR.2.0.0
2023-07-12 12:45:05,681 [WARN] ConditionMgr:438 - getConditionDescription Invalid condition id : UX DEVICE CLASS RTOS Condition cause : null
2023-07-12 12:45:05,682 [WARN] ConditionMgr:438 - getConditionDescription Invalid condition id : UX DEVICE CLASS RTOS Condition cause : null
2023-07-12 12:45:05,686 [WARN] PackLoader:240 - Cannot read IP mode file for STMicroelectronics.X-CUBE-AZRTOS-H7.3.1.0
2023-07-12 12:45:05,688 [WARN] ConditionMgr:1039 - genDependencies : Invalid condition id : UX DEVICE CLASS RTOS Condition cause : null
2023-07-12 12:45:05,688 [WARN] ConditionMgr:1039 - genDependencies : Invalid condition id : UX DEVICE CLASS RTOS Condition cause : null
2023-07-12 12:45:05,689 [WARN] ConditionMgr:1039 - genDependencies : Invalid condition id : UX DEVICE CLASS RTOS Condition cause : null
2023-07-12 12:45:05,690 [WARN] ConditionMgr:1039 - genDependencies : Invalid condition id : UX DEVICE CLASS RTOS Condition cause : null
2023-07-12 12:45:05,690 [WARN] ConditionMgr:1039 - genDependencies : Invalid condition id : UX DEVICE CLASS RTOS Condition cause : null
2023-07-12 12:45:05,696 [WARN] PackLoader:240 - Cannot read IP mode file for wolfSSL.I-CUBE-wolfSSL.5.5.4
2023-07-12 12:45:05,702 [WARN] PackLoader:240 - Cannot read IP mode file for STMicroelectronics.X-CUBE-NFC7.1.0.1
2023-07-12 12:45:05,708 [WARN] PackLoader:240 - Cannot read IP mode file for STMicroelectronics.X-CUBE-NFC7.1.0.0
2023-07-12 12:45:05,727 [WARN] PackLoader:240 - Cannot read IP mode file for STMicroelectronics.X-CUBE-EEPRMA1.4.1.0
2023-07-12 12:45:05,766 [WARN] ConditionMgr:438 - getConditionDescription Invalid condition id : LAN8742 Phy interface Condition cause : null
2023-07-12 12:45:05,768 [WARN] PackLoader:240 - Cannot read IP mode file for STMicroelectronics.X-CUBE-AZRTOS-L4.2.0.0
2023-07-12 12:45:05,771 [WARN] ConditionMgr:1039 - genDependencies : Invalid condition id : LAN8742 Phy interface Condition cause : null
2023-07-12 12:45:05,772 [WARN] ConditionMgr:1039 - genDependencies : Invalid condition id : LAN8742 Phy interface Condition cause : null
2023-07-12 12:45:05,773 [WARN] ConditionMgr:1039 - genDependencies : Invalid condition id : LAN8742 Phy interface Condition cause : null
2023-07-12 12:45:05,787 [WARN] PackLoader:240 - Cannot read IP mode file for STMicroelectronics.X-CUBE-SFXS2LP1.4.0.0
2023-07-12 12:45:05,828 [WARN] PackLoader:240 - Cannot read IP mode file for STMicroelectronics.X-CUBE-AZRTOS-H7.3.0.0
2023-07-12 12:45:05,841 [WARN] PackLoader:240 - Cannot read IP mode file for STMicroelectronics.X-CUBE-ISPU.1.1.0
2023-07-12 12:45:05,852 [WARN] PackLoader:240 - Cannot read IP mode file for RoweBots.I-CUBE-UNISONRTOS.5.5.0-4
2023-07-12 12:45:05,859 [WARN] PackLoader:240 - Cannot read IP mode file for STMicroelectronics.X-CUBE-AI.8.0.0
2023-07-12 12:45:05,893 [WARN] PackLoader:240 - Cannot read IP mode file for STMicroelectronics.X-CUBE-FREERTOS.1.0.0
2023-07-12 12:45:05,900 [WARN] PackLoader:240 - Cannot read IP mode file for STMicroelectronics.X-CUBE-FREERTOS.1.0.1
2023-07-12 12:45:05,929 [WARN] PackLoader:240 - Cannot read IP mode file for STMicroelectronics.X-CUBE-AZRTOS-L5.1.1.0
2023-07-12 12:45:05,937 [WARN] PackLoader:240 - Cannot read IP mode file for STMicroelectronics.X-CUBE-AI.8.0.1
2023-07-12 12:45:05,957 [WARN] PackLoader:240 - Cannot read IP mode file for STMicroelectronics.X-CUBE-SUBG2.5.0.0
2023-07-12 12:45:05,989 [WARN] PackLoader:240 - Cannot read IP mode file for STMicroelectronics.X-CUBE-AZRTOS-G4.2.0.0
2023-07-12 12:45:06,002 [WARN] PackLoader:240 - Cannot read IP mode file for STMicroelectronics.X-CUBE-TOF1.3.3.0
2023-07-12 12:45:06,023 [WARN] PackLoader:240 - Cannot read IP mode file for STMicroelectronics.FP-ATR-ASTRA1.1.1.1
2023-07-12 12:45:06,038 [WARN] PackLoader:240 - Cannot read IP mode file for STMicroelectronics.X-CUBE-AZRTOS-G4.1.0.0
2023-07-12 12:45:06,080 [WARN] PackLoader:240 - Cannot read IP mode file for STMicroelectronics.X-CUBE-AZRTOS-L4.1.0.0
2023-07-12 12:45:06,103 [WARN] PackLoader:240 - Cannot read IP mode file for STMicroelectronics.X-CUBE-AZRTOS-WL.1.0.0
2023-07-12 12:45:06,112 [WARN] PackLoader:240 - Cannot read IP mode file for portGmbH.I-Cube-SoM-uGOAL.1.1.0
2023-07-12 12:45:06,117 [WARN] PackLoader:240 - Cannot read IP mode file for STMicroelectronics.X-CUBE-ALS.1.0.1
2023-07-12 12:45:06,140 [WARN] PackLoader:240 - Cannot read IP mode file for STMicroelectronics.X-CUBE-AZRTOS-WB.1.1.0
2023-07-12 12:45:06,148 [WARN] PackLoader:240 - Cannot read IP mode file for STMicroelectronics.FP-ATR-ASTRA1.2.0.0
2023-07-12 12:45:06,150 [INFO] ThirdParty:978 - Integrity check success = true
2023-07-12 12:45:06,150 [INFO] IntegrityCheckThread:100 - exiting critical section [integrity check]
2023-07-12 12:45:06,150 [INFO] IntegrityCheckThread:103 - End integrity checks thread
2023-07-12 12:45:06,150 [INFO] ThirdParty:873 - entering critical section [close project]
2023-07-12 12:45:06,152 [INFO] ThirdParty:883 - exiting critical section [close project]
2023-07-12 12:45:06,159 [INFO] PinOutPanel:1499 - setPackage(No Configuration,No Configuration)
2023-07-12 12:45:06,169 [INFO] UtilMem:75 - Begin LoadConfig() Used Memory: 157510088 Bytes (268435456)
2023-07-12 12:45:06,171 [INFO] MicroXplorer:468 - Change Database Path : 
2023-07-12 12:45:06,171 [INFO] MicroXplorer:498 - Change Database Version : DB.6.0.80
2023-07-12 12:45:06,172 [INFO] OpenFileManager:308 - Change cursor
2023-07-12 12:45:06,224 [INFO] Mcu:1937 - Initializing MCU STM32L433RCTxP STM32L433RCTxP STM32L433RCT6P
2023-07-12 12:45:08,103 [INFO] Context:659 - Trying to add GPIOservice into a context  which must be forbidden
2023-07-12 12:45:09,271 [INFO] RtosManager:555 - Registered RTOS mode: class=CMSIS, group=RTOS, mode=CMSIS_V1, owner=FREERTOS
2023-07-12 12:45:09,272 [INFO] RtosManager:555 - Registered RTOS mode: class=CMSIS, group=RTOS2, mode=CMSIS_V2, owner=FREERTOS
2023-07-12 12:45:09,272 [INFO] RtosManager:555 - Registered RTOS mode: class=RTOS, group=Core, mode=CMSIS_V1, owner=FREERTOS
2023-07-12 12:45:09,272 [INFO] RtosManager:555 - Registered RTOS mode: class=RTOS, group=Core, mode=CMSIS_V2, owner=FREERTOS
2023-07-12 12:45:09,272 [WARN] ModelIntegratedComponent:184 - Missing modes for component STMicroelectronics:FreeRTOS:0.0.1:STMicroelectronics:RTOS:FreeRTOS:Core:::10.2.0:
2023-07-12 12:45:09,292 [WARN] ModelIntegratedComponent:63 - No mode defined for component null
2023-07-12 12:45:09,293 [WARN] ModelIntegratedComponent:63 - No mode defined for component null
2023-07-12 12:45:09,293 [WARN] ModelIntegratedComponent:63 - No mode defined for component null
2023-07-12 12:45:09,293 [WARN] ModelIntegratedComponent:63 - No mode defined for component null
2023-07-12 12:45:09,293 [WARN] ModelIntegratedComponent:63 - No mode defined for component null
2023-07-12 12:45:09,293 [WARN] ModelIntegratedComponent:63 - No mode defined for component null
2023-07-12 12:45:09,293 [WARN] ModelIntegratedComponent:63 - No mode defined for component null
2023-07-12 12:45:09,293 [WARN] ModelIntegratedComponent:63 - No mode defined for component null
2023-07-12 12:45:09,294 [WARN] ModelIntegratedComponent:63 - No mode defined for component null
2023-07-12 12:45:09,294 [WARN] ModelIntegratedComponent:63 - No mode defined for component null
2023-07-12 12:45:09,294 [WARN] ModelIntegratedComponent:63 - No mode defined for component null
2023-07-12 12:45:09,294 [WARN] ModelIntegratedComponent:63 - No mode defined for component null
2023-07-12 12:45:09,294 [WARN] ModelIntegratedComponent:63 - No mode defined for component null
2023-07-12 12:45:09,294 [WARN] ModelIntegratedComponent:63 - No mode defined for component null
2023-07-12 12:45:09,294 [WARN] ModelIntegratedComponent:63 - No mode defined for component null
2023-07-12 12:45:09,294 [WARN] ModelIntegratedComponent:63 - No mode defined for component null
2023-07-12 12:45:09,294 [WARN] ModelIntegratedComponent:63 - No mode defined for component null
2023-07-12 12:45:09,294 [WARN] ModelIntegratedComponent:63 - No mode defined for component null
2023-07-12 12:45:09,295 [WARN] ModelIntegratedComponent:63 - No mode defined for component null
2023-07-12 12:45:09,295 [WARN] ModelIntegratedComponent:63 - No mode defined for component null
2023-07-12 12:45:09,295 [WARN] ModelIntegratedComponent:63 - No mode defined for component null
2023-07-12 12:45:09,295 [WARN] ModelIntegratedComponent:63 - No mode defined for component null
2023-07-12 12:45:09,295 [WARN] ModelIntegratedComponent:63 - No mode defined for component null
2023-07-12 12:45:09,295 [WARN] ModelIntegratedComponent:63 - No mode defined for component null
2023-07-12 12:45:09,295 [WARN] ModelIntegratedComponent:63 - No mode defined for component null
2023-07-12 12:45:09,295 [WARN] ModelIntegratedComponent:63 - No mode defined for component null
2023-07-12 12:45:09,295 [WARN] ModelIntegratedComponent:63 - No mode defined for component null
2023-07-12 12:45:09,296 [WARN] ModelIntegratedComponent:63 - No mode defined for component null
2023-07-12 12:45:09,296 [WARN] ModelIntegratedComponent:63 - No mode defined for component null
2023-07-12 12:45:09,296 [WARN] ModelIntegratedComponent:63 - No mode defined for component null
2023-07-12 12:45:09,296 [WARN] ModelIntegratedComponent:63 - No mode defined for component null
2023-07-12 12:45:09,296 [WARN] ModelIntegratedComponent:63 - No mode defined for component null
2023-07-12 12:45:09,296 [WARN] ModelIntegratedComponent:63 - No mode defined for component null
2023-07-12 12:45:09,472 [INFO] ThirdPartyModel:298 - Start build external matchings
2023-07-12 12:45:10,410 [INFO] ThirdPartyModel:316 - End build external matchings
2023-07-12 12:45:10,454 [INFO] ImportTextPane:194 - (OptionalMessage_ERROR) IP (RCC) : Invalid parameter (FamilyName)
2023-07-12 12:45:10,455 [INFO] ImportTextPane:194 - (OptionalMessage_ERROR) IP (RCC) : Invalid parameter (I2C4Freq_Value)
2023-07-12 12:45:10,461 [INFO] ImportTextPane:194 - (OptionalMessage_ERROR) IP (RCC) : Parameter (RNGFreq_Value) has invalid value (64000000)
2023-07-12 12:45:10,462 [INFO] ImportTextPane:194 - (OptionalMessage_ERROR) IP (RCC) : Parameter (SDMMCFreq_Value) has invalid value (64000000)
2023-07-12 12:45:10,462 [INFO] ImportTextPane:194 - (OptionalMessage_ERROR) IP (RCC) : Invalid parameter (UART4Freq_Value)
2023-07-12 12:45:10,462 [INFO] ImportTextPane:194 - (OptionalMessage_ERROR) IP (RCC) : Invalid parameter (UART5Freq_Value)
2023-07-12 12:45:10,462 [INFO] ImportTextPane:194 - (OptionalMessage_ERROR) IP (RCC) : Parameter (USBFreq_Value) has invalid value (64000000)
2023-07-12 12:45:10,463 [INFO] ImportTextPane:194 - (OptionalMessage_ERROR) IP (RCC) : Invalid parameter (VCOSAI2OutputFreq_Value)
2023-07-12 12:45:10,707 [INFO] UtilMem:75 - End LoadConfig() Used Memory: 274020712 Bytes (338690048)
2023-07-12 12:45:10,806 [INFO] ApiDb:581 - Connected to CubeFinder SQLite database (/home/jerryl/.stmcufinder/plugins/mcufinder/mcu/cube-finder-db.db)
2023-07-12 12:45:10,885 [INFO] ApiDb:668 - CubeFinder database Data Model version=2.1
2023-07-12 12:45:10,885 [INFO] ApiDb:669 - CubeFinder database Configuration version=3.0.35
2023-07-12 12:45:10,886 [INFO] ApiDb:670 - CubeFinder database generation date=2023-05-12 (1683877179)
2023-07-12 12:45:10,886 [INFO] ApiDb:671 - CubeFinder database FW Pack versions=[FP-ATR-ASTRA1_V2.0.0, FP-SNS-FLIGHT1_V5.0.0, FP-SNS-MOTENV1_V4.3.0, STM32Cube_FW_C0_V1.0.1, STM32Cube_FW_F0_V1.11.4, STM32Cube_FW_F3_V1.11.4, STM32Cube_FW_F4_V1.27.1, STM32Cube_FW_F7_V1.17.0, STM32Cube_FW_G0_V1.6.1, STM32Cube_FW_G4_V1.5.1, STM32Cube_FW_H5_V0.5.1, STM32Cube_FW_H5_V1.0.0, STM32Cube_FW_H7_V1.11.0, STM32Cube_FW_L0_V1.12.2, STM32Cube_FW_L5_V1.5.0, STM32Cube_FW_U5_V1.2.0, STM32Cube_FW_WBA_V1.0.0, STM32Cube_FW_WBA_V1.0.0RC1, STM32Cube_FW_WBA_V1.0.0RC3, STM32Cube_FW_WB_V1.15.0RC1, STM32Cube_FW_WB_V1.16.0, STM32Cube_FW_WB_V1.16.0RC2, STM32Cube_FW_WL_V1.3.0, X-CUBE-ALGOBUILD_V1.3.0, X-CUBE-ALS_V1.0.1, X-CUBE-AZRTOS-F4_V1.1.0, X-CUBE-AZRTOS-F7_V1.1.0, X-CUBE-AZRTOS-G0_V1.1.0, X-CUBE-AZRTOS-G4_V2.0.0, X-CUBE-AZRTOS-H7_V3.1.0, X-CUBE-AZRTOS-L4_V1.0.0, X-CUBE-AZRTOS-L5_V1.1.0, X-CUBE-AZRTOS-WB_V1.1.0, X-CUBE-AZRTOS-WL_V1.0.0, X-CUBE-BLE1_V6.2.4, X-CUBE-BLE2_V3.3.0, X-CUBE-BLEMGR_V2.0.0, X-CUBE-EEPRMA1_V4.1.0, X-CUBE-FREERTOS_V1.0.1, X-CUBE-GNSS1_V6.0.0, X-CUBE-MEMS1_V9.1.0, X-CUBE-MEMS1_V9.4.0, X-CUBE-MEMS1_V9.6.0, X-CUBE-NFC4_V3.0.0, X-CUBE-NFC7_V1.0.0, X-CUBE-SFXS2LP1_V4.0.0, X-CUBE-SUBG2_V5.0.0]
2023-07-12 12:45:13,295 [INFO] ApiDb:240 - Found 297 in-development CPN: [B-G473E-ZEST1S, B-WB1M-WPAN1, B-WL5M-SUBG1, NUCLEO-C031C6, NUCLEO-H503RB, NUCLEO-H563ZI, NUCLEO-U545RE-Q, NUCLEO-U5A5ZJ-Q, NUCLEO-WBA52CG, STEVAL-PROTEUS1, STEVAL-STWINBX1, STM320518-EVAL, STM32C0116-DK, STM32C011D6Y3TR, STM32C011D6Y6TR, STM32C011F4P3, STM32C011F4P6, STM32C011F4U3, STM32C011F4U6TR, STM32C011F6P3, STM32C011F6P6, STM32C011F6U3, STM32C011F6U6TR, STM32C011J4M3, STM32C011J4M6, STM32C011J6M3, STM32C011J6M6, STM32C0316-DK, STM32C031C4T3, STM32C031C4T6, STM32C031C4U3, STM32C031C4U6, STM32C031C6T3, STM32C031C6T6, STM32C031C6U3, STM32C031C6U6, STM32C031F4P3, STM32C031F4P6, STM32C031F6P3, STM32C031F6P6, STM32C031G4U3, STM32C031G4U6, STM32C031G6U3, STM32C031G6U6, STM32C031K4T3, STM32C031K4T6, STM32C031K4U3, STM32C031K4U6, STM32C031K6T3, STM32C031K6T6, STM32C031K6U3, STM32C031K6U6, STM32G071K8TXN, STM32G071K8UXN, STM32G081GBU6N, STM32G081KBT6N, STM32G081KBUXN, STM32G0B1CCT6N, STM32G0B1KCT6, STM32G0B1NEY6TR, STM32G0B1RCT6N, STM32G0C1CCT6, STM32G0C1CCT6N, STM32G0C1CCU6N, STM32G0C1CET6N, STM32G0C1CEU6N, STM32G0C1KCT6, STM32G0C1NEY6TR, STM32G0C1RCI6N, STM32G0C1RCT6N, STM32G0C1REI6N, STM32G0C1RET6N, STM32G0C1VCI6, STM32G0C1VEI6, STM32G471CCT6, STM32G471CCU6, STM32G471CET3, STM32G471CET6, STM32G471CEU3, STM32G471CEU6, STM32G471MCT6, STM32G471MET3, STM32G471MET6, STM32G471MEY6TR, STM32G471QCT6, STM32G471QET3, STM32G471RCT6, STM32G471RET3, STM32G471RET6, STM32G471VCH6, STM32G471VCI6, STM32G471VCT6, STM32G471VEH3, STM32G471VEH6, STM32G471VEI3, STM32G471VEI6, STM32G471VET3, STM32G471VET6, STM32G474CCT6, STM32H503CBT6, STM32H503CBU6, STM32H503EBY6TR, STM32H503KBU6, STM32H503RBT6, STM32H562AGI6, STM32H562AII6, STM32H562IGK6, STM32H562IGT6, STM32H562IIK6, STM32H562IIT6, STM32H562RGT6, STM32H562RGV6, STM32H562RIT6, STM32H562RIV6, STM32H562VGT6, STM32H562VIT6, STM32H562ZGT6, STM32H562ZIT6, STM32H563AGI6, STM32H563AII3Q, STM32H563AII6, STM32H563IGK6, STM32H563IGT6, STM32H563IIK3Q, STM32H563IIK6, STM32H563IIT3Q, STM32H563IIT6, STM32H563MIY3QTR, STM32H563RGT6, STM32H563RGV6, STM32H563RIT6, STM32H563RIV6, STM32H563VGT6, STM32H563VIT3Q, STM32H563VIT6, STM32H563ZGT6, STM32H563ZIT3Q, STM32H563ZIT6, STM32H573AII3Q, STM32H573AII6, STM32H573I-DK, STM32H573IIK3Q, STM32H573IIK6, STM32H573IIT3Q, STM32H573IIT6, STM32H573MIY3QTR, STM32H573RIT6, STM32H573RIV6, STM32H573VIT3Q, STM32H573VIT6, STM32H573ZIT3Q, STM32H573ZIT6, STM32L4R5QGI6STR, STM32MP131AAE3, STM32MP131AAF3, STM32MP131AAG3, STM32MP131CAE3, STM32MP131CAF3, STM32MP131CAG3, STM32MP131DAE7, STM32MP131DAF7, STM32MP131DAG7, STM32MP131FAE7, STM32MP131FAF7, STM32MP131FAG7, STM32MP133AAE3, STM32MP133AAF3, STM32MP133AAG3, STM32MP133CAE3, STM32MP133CAF3, STM32MP133CAG3, STM32MP133DAE7, STM32MP133DAF7, STM32MP133DAG7, STM32MP133FAE7, STM32MP133FAF7, STM32MP133FAG7, STM32MP135AAE3, STM32MP135AAF3, STM32MP135AAG3, STM32MP135CAE3, STM32MP135CAF3, STM32MP135CAG3, STM32MP135DAE7, STM32MP135DAF7, STM32MP135DAG7, STM32MP135F-DK, STM32MP135FAE7, STM32MP135FAF7, STM32MP135FAF7T, STM32MP135FAF7U, STM32MP135FAG7, STM32U535CBT6, STM32U535CBT6Q, STM32U535CBU6, STM32U535CBU6Q, STM32U535CCT6, STM32U535CCT6Q, STM32U535CCU6, STM32U535CCU6Q, STM32U535CET6, STM32U535CET6Q, STM32U535CEU6, STM32U535CEU6Q, STM32U535JEY6QTR, STM32U535NCY6QTR, STM32U535NEY6QTR, STM32U535RBI6, STM32U535RBI6Q, STM32U535RBT6, STM32U535RBT6Q, STM32U535RCI6, STM32U535RCI6Q, STM32U535RCT6, STM32U535RCT6Q, STM32U535REI6, STM32U535REI6Q, STM32U535RET6, STM32U535RET6Q, STM32U535VCI6, STM32U535VCI6Q, STM32U535VCT6, STM32U535VCT6Q, STM32U535VEI6, STM32U535VEI6Q, STM32U535VET6, STM32U535VET6Q, STM32U545CET6, STM32U545CET6Q, STM32U545CEU6, STM32U545CEU6Q, STM32U545JEY6QTR, STM32U545NEY6QTR, STM32U545REI6, STM32U545REI6Q, STM32U545RET6, STM32U545RET6Q, STM32U545VEI6, STM32U545VEI6Q, STM32U545VET6, STM32U545VET6Q, STM32U595AIH6, STM32U595AIH6Q, STM32U595AJH6, STM32U595AJH6Q, STM32U595QII6, STM32U595QII6Q, STM32U595QJI6, STM32U595QJI6Q, STM32U595RIT6, STM32U595RIT6Q, STM32U595RJT6, STM32U595RJT6Q, STM32U595VIT6, STM32U595VIT6Q, STM32U595VJT6, STM32U595VJT6Q, STM32U595ZIT6, STM32U595ZIT6Q, STM32U595ZIY6QTR, STM32U595ZJT6, STM32U595ZJT6Q, STM32U595ZJY6QTR, STM32U599BJY6QTR, STM32U599NIH6Q, STM32U599NJH6Q, STM32U599VIT6Q, STM32U599VJT6, STM32U599VJT6Q, STM32U599ZIT6Q, STM32U599ZIY6QTR, STM32U599ZJT6Q, STM32U599ZJY6QTR, STM32U5A5AJH6, STM32U5A5AJH6Q, STM32U5A5QJI6, STM32U5A5QJI6Q, STM32U5A5RJT6, STM32U5A5RJT6Q, STM32U5A5VJT6, STM32U5A5VJT6Q, STM32U5A5ZJT6, STM32U5A5ZJT6Q, STM32U5A5ZJY6QTR, STM32U5A9BJY6QTR, STM32U5A9J-DK, STM32U5A9NJH6Q, STM32U5A9VJT6Q, STM32U5A9ZJT6Q, STM32U5A9ZJY6QTR, STM32WB1MMCH6, STM32WBA52CEU6, STM32WBA52CEU6T, STM32WBA52CGU6, STM32WBA52CGU6T, STM32WL5MOCH6, STM32WL5MOCH6TR]
2023-07-12 12:45:13,303 [INFO] DbMcus:216 - Found 3775 MCUs, 3775 are supported
2023-07-12 12:45:13,310 [INFO] ApiDb:423 - Load user favorites file /home/jerryl/.stm32cubeide/favorites.mcus.txt: 2 item(s)
2023-07-12 12:45:13,311 [INFO] ApiDb:427 - User favorites MCUs=[STM32F030C8T6, STM32L433RCT6P]
2023-07-12 12:45:13,311 [INFO] DbMcus:222 - Set 2 / 2 favorites MCUs
2023-07-12 12:45:13,543 [ERROR] LogOutputStream:75 - [STDERR_REDIRECT] SLF4J: Failed to load class "org.slf4j.impl.StaticLoggerBinder".
2023-07-12 12:45:13,544 [ERROR] LogOutputStream:75 - [STDERR_REDIRECT] SLF4J: Defaulting to no-operation (NOP) logger implementation
2023-07-12 12:45:13,545 [ERROR] LogOutputStream:75 - [STDERR_REDIRECT] SLF4J: See http://www.slf4j.org/codes.html#StaticLoggerBinder for further details.
2023-07-12 12:45:13,996 [WARN] ThirdParty:833 - waiting for thirdparty lock release [change project]
2023-07-12 12:45:13,996 [INFO] ThirdParty:835 - entering critical section [change project]
2023-07-12 12:45:13,997 [INFO] ThirdParty:1030 - CMSIS Pack Vendor :STMicroelectronics X-CUBE-ISPU 1.1.0
2023-07-12 12:45:13,997 [INFO] ThirdParty:1030 - CMSIS Pack Vendor :RoweBots I-CUBE-UNISONRTOS 5.5.0-4
2023-07-12 12:45:13,997 [INFO] ThirdParty:1030 - CMSIS Pack Vendor :STMicroelectronics X-CUBE-GNSS1 6.0.0
2023-07-12 12:45:13,997 [INFO] ThirdParty:1030 - CMSIS Pack Vendor :STMicroelectronics USB_HOST 2.0.0
2023-07-12 12:45:13,997 [INFO] ThirdParty:1030 - CMSIS Pack Vendor :STMicroelectronics X-CUBE-AZRTOS-F4 1.1.0
2023-07-12 12:45:13,997 [INFO] ThirdParty:1030 - CMSIS Pack Vendor :STMicroelectronics LIBJPEG 8.0.0
2023-07-12 12:45:13,997 [INFO] ThirdParty:1030 - CMSIS Pack Vendor :STMicroelectronics X-CUBE-SMBUS 2.1.0
2023-07-12 12:45:13,997 [INFO] ThirdParty:1030 - CMSIS Pack Vendor :STMicroelectronics USB_DEVICE 3.0.0
2023-07-12 12:45:13,997 [INFO] ThirdParty:1030 - CMSIS Pack Vendor :STMicroelectronics X-CUBE-AI 8.0.0
2023-07-12 12:45:13,997 [INFO] ThirdParty:1030 - CMSIS Pack Vendor :STMicroelectronics X-CUBE-FREERTOS 1.0.0
2023-07-12 12:45:13,998 [INFO] ThirdParty:1030 - CMSIS Pack Vendor :STMicroelectronics X-CUBE-FREERTOS 1.0.1
2023-07-12 12:45:13,998 [INFO] ThirdParty:1030 - CMSIS Pack Vendor :STMicroelectronics X-CUBE-TOUCHGFX 4.21.1
2023-07-12 12:45:13,998 [INFO] ThirdParty:1030 - CMSIS Pack Vendor :STMicroelectronics X-CUBE-AZRTOS-F7 1.1.0
2023-07-12 12:45:13,998 [INFO] ThirdParty:1030 - CMSIS Pack Vendor :STMicroelectronics X-CUBE-TOUCHGFX 4.21.4
2023-07-12 12:45:13,998 [INFO] ThirdParty:1030 - CMSIS Pack Vendor :STMicroelectronics USB_DEVICE 2.0.0
2023-07-12 12:45:13,998 [INFO] ThirdParty:1030 - CMSIS Pack Vendor :STMicroelectronics X-CUBE-MEMS1 9.6.0
2023-07-12 12:45:13,998 [INFO] ThirdParty:1030 - CMSIS Pack Vendor :STMicroelectronics FP-SNS-MOTENV1 4.3.0
2023-07-12 12:45:13,998 [INFO] ThirdParty:1030 - CMSIS Pack Vendor :STMicroelectronics FP-SNS-MOTENV1 4.3.2
2023-07-12 12:45:13,998 [INFO] ThirdParty:1030 - CMSIS Pack Vendor :STMicroelectronics FP-SNS-FLIGHT1 5.0.0
2023-07-12 12:45:13,998 [INFO] ThirdParty:1030 - CMSIS Pack Vendor :STMicroelectronics FP-SNS-MOTENV1 4.3.1
2023-07-12 12:45:13,998 [INFO] ThirdParty:1030 - CMSIS Pack Vendor :STMicroelectronics FP-SNS-FLIGHT1 5.0.1
2023-07-12 12:45:13,999 [INFO] ThirdParty:1030 - CMSIS Pack Vendor :STMicroelectronics X-CUBE-ALGOBUILD 1.3.0
2023-07-12 12:45:13,999 [INFO] ThirdParty:1030 - CMSIS Pack Vendor :STMicroelectronics X-CUBE-BLE1 6.2.4
2023-07-12 12:45:13,999 [INFO] ThirdParty:1030 - CMSIS Pack Vendor :STMicroelectronics X-CUBE-AZRTOS-L5 1.1.0
2023-07-12 12:45:13,999 [INFO] ThirdParty:1030 - CMSIS Pack Vendor :STMicroelectronics FreeRTOS 0.0.1
2023-07-12 12:45:13,999 [INFO] ThirdParty:1030 - CMSIS Pack Vendor :STMicroelectronics X-CUBE-AZRTOS-G0 1.1.0
2023-07-12 12:45:13,999 [INFO] ThirdParty:1030 - CMSIS Pack Vendor :emotas I-CUBE-CANOPEN 1.1.3
2023-07-12 12:45:13,999 [INFO] ThirdParty:1030 - CMSIS Pack Vendor :STMicroelectronics X-CUBE-BLEMGR 2.0.0
2023-07-12 12:45:13,999 [INFO] ThirdParty:1030 - CMSIS Pack Vendor :STMicroelectronics X-CUBE-AI 8.0.1
2023-07-12 12:45:13,999 [INFO] ThirdParty:1030 - CMSIS Pack Vendor :STMicroelectronics X-CUBE-NFC4 3.0.0
2023-07-12 12:45:13,999 [INFO] ThirdParty:1030 - CMSIS Pack Vendor :STMicroelectronics X-CUBE-SUBG2 5.0.0
2023-07-12 12:45:13,999 [INFO] ThirdParty:1030 - CMSIS Pack Vendor :STMicroelectronics STM32_WPAN 1.0.0
2023-07-12 12:45:13,999 [INFO] ThirdParty:1030 - CMSIS Pack Vendor :STMicroelectronics lwIP 2.0.3
2023-07-12 12:45:14,000 [INFO] ThirdParty:1030 - CMSIS Pack Vendor :STMicroelectronics USB_HOST 1.0.0
2023-07-12 12:45:14,000 [INFO] ThirdParty:1030 - CMSIS Pack Vendor :STMicroelectronics X-CUBE-AZRTOS-G4 2.0.0
2023-07-12 12:45:14,000 [INFO] ThirdParty:1030 - CMSIS Pack Vendor :STMicroelectronics PDM2PCM 3.1.0
2023-07-12 12:45:14,000 [INFO] ThirdParty:1030 - CMSIS Pack Vendor :STMicroelectronics X-CUBE-AZRTOS-H7 3.1.0
2023-07-12 12:45:14,000 [INFO] ThirdParty:1030 - CMSIS Pack Vendor :STMicroelectronics X-CUBE-TOF1 3.3.0
2023-07-12 12:45:14,000 [INFO] ThirdParty:1030 - CMSIS Pack Vendor :STMicroelectronics FP-ATR-ASTRA1 1.1.1
2023-07-12 12:45:14,000 [INFO] ThirdParty:1030 - CMSIS Pack Vendor :STMicroelectronics PDM2PCM 3.3.0
2023-07-12 12:45:14,000 [INFO] ThirdParty:1030 - CMSIS Pack Vendor :STMicroelectronics X-CUBE-DISPLAY 3.0.0
2023-07-12 12:45:14,001 [INFO] ThirdParty:1030 - CMSIS Pack Vendor :STMicroelectronics FP-ATR-SIGFOX1 3.2.0
2023-07-12 12:45:14,001 [INFO] ThirdParty:1030 - CMSIS Pack Vendor :STMicroelectronics X-CUBE-AZRTOS-G4 1.0.0
2023-07-12 12:45:14,001 [INFO] ThirdParty:1030 - CMSIS Pack Vendor :wolfSSL I-CUBE-wolfSSL 5.5.4
2023-07-12 12:45:14,001 [INFO] ThirdParty:1030 - CMSIS Pack Vendor :STMicroelectronics X-CUBE-AZRTOS-L4 1.0.0
2023-07-12 12:45:14,001 [INFO] ThirdParty:1030 - CMSIS Pack Vendor :STMicroelectronics HAL Drivers 0.0.0
2023-07-12 12:45:14,001 [INFO] ThirdParty:1030 - CMSIS Pack Vendor :STMicroelectronics MBEDTLS 2.16.2
2023-07-12 12:45:14,001 [INFO] ThirdParty:1030 - CMSIS Pack Vendor :STMicroelectronics X-CUBE-TOUCHGFX 4.22.0
2023-07-12 12:45:14,002 [INFO] ThirdParty:1030 - CMSIS Pack Vendor :STMicroelectronics X-CUBE-NFC7 1.0.1
2023-07-12 12:45:14,002 [INFO] ThirdParty:1030 - CMSIS Pack Vendor :STMicroelectronics MBEDTLS 2.14.1
2023-07-12 12:45:14,002 [INFO] ThirdParty:1030 - CMSIS Pack Vendor :STMicroelectronics X-CUBE-NFC7 1.0.0
2023-07-12 12:45:14,002 [INFO] ThirdParty:1030 - CMSIS Pack Vendor :STMicroelectronics X-CUBE-AZRTOS-WL 1.0.0
2023-07-12 12:45:14,002 [INFO] ThirdParty:1030 - CMSIS Pack Vendor :STMicroelectronics X-CUBE-EEPRMA1 4.1.0
2023-07-12 12:45:14,002 [INFO] ThirdParty:1030 - CMSIS Pack Vendor :portGmbH I-Cube-SoM-uGOAL 1.1.0
2023-07-12 12:45:14,002 [INFO] ThirdParty:1030 - CMSIS Pack Vendor :STMicroelectronics X-CUBE-ALS 1.0.1
2023-07-12 12:45:14,002 [INFO] ThirdParty:1030 - CMSIS Pack Vendor :STMicroelectronics X-CUBE-MEMS1 9.5.0
2023-07-12 12:45:14,003 [INFO] ThirdParty:1030 - CMSIS Pack Vendor :STMicroelectronics ThreadX 1.0.0
2023-07-12 12:45:14,003 [INFO] ThirdParty:1030 - CMSIS Pack Vendor :STMicroelectronics X-CUBE-AZRTOS-WB 1.1.0
2023-07-12 12:45:14,003 [INFO] ThirdParty:1030 - CMSIS Pack Vendor :STMicroelectronics X-CUBE-AZRTOS-WL 2.0.0
2023-07-12 12:45:14,003 [INFO] ThirdParty:1030 - CMSIS Pack Vendor :SEGGER I-CUBE-embOS 1.3.1
2023-07-12 12:45:14,003 [INFO] ThirdParty:1030 - CMSIS Pack Vendor :STMicroelectronics USB_DEVICE 1.0.0
2023-07-12 12:45:14,003 [INFO] ThirdParty:1030 - CMSIS Pack Vendor :STMicroelectronics X-CUBE-AZRTOS-L4 2.0.0
2023-07-12 12:45:14,003 [INFO] ThirdParty:1030 - CMSIS Pack Vendor :STMicroelectronics ThreadX 0.0.2
2023-07-12 12:45:14,003 [INFO] ThirdParty:1030 - CMSIS Pack Vendor :WES I-CUBE-Cesium 1.3.0
2023-07-12 12:45:14,003 [INFO] ThirdParty:1030 - CMSIS Pack Vendor :STMicroelectronics FP-ATR-ASTRA1 2.0.0
2023-07-12 12:45:14,004 [INFO] ThirdParty:1030 - CMSIS Pack Vendor :STMicroelectronics lwIP 2.1.2
2023-07-12 12:45:14,004 [INFO] ThirdParty:1030 - CMSIS Pack Vendor :STMicroelectronics X-CUBE-SFXS2LP1 4.0.0
2023-07-12 12:45:14,004 [INFO] ThirdParty:1030 - CMSIS Pack Vendor :STMicroelectronics X-CUBE-BLE2 3.3.0
2023-07-12 12:45:14,004 [INFO] ThirdParty:1030 - CMSIS Pack Vendor :STMicroelectronics X-CUBE-TOF1 3.2.0
2023-07-12 12:45:14,004 [INFO] ThirdParty:1030 - CMSIS Pack Vendor :STMicroelectronics PDM2PCM 3.2.0
2023-07-12 12:45:14,004 [INFO] ThirdParty:1030 - CMSIS Pack Vendor :STMicroelectronics X-CUBE-AZRTOS-H7 3.0.0
2023-07-12 12:45:14,005 [INFO] ThirdParty:841 - exiting critical section [change project]
2023-07-12 12:45:14,995 [INFO] PinOutPanel:1499 - setPackage(No Configuration,No Configuration)
2023-07-12 12:45:14,997 [INFO] PinOutPanel:1499 - setPackage(STM32L433RCTxP,LQFP64)
2023-07-12 12:45:16,539 [INFO] UtilMem:75 - Before build in PCC Used Memory: 184581984 Bytes (338690048)
2023-07-12 12:45:18,312 [INFO] UtilMem:75 - After build in PCC Used Memory: 235317576 Bytes (338690048)
2023-07-12 12:45:18,365 [INFO] IPUIPlugin:80 - create IPUIPlugin
2023-07-12 12:45:18,366 [INFO] IPUIPlugin:80 - create IPUIPlugin
2023-07-12 12:45:18,366 [INFO] IPUIPlugin:80 - create IPUIPlugin
2023-07-12 12:45:18,366 [INFO] IPUIPlugin:80 - create IPUIPlugin
2023-07-12 12:45:18,366 [INFO] IPUIPlugin:80 - create IPUIPlugin
2023-07-12 12:45:18,367 [INFO] IPUIPlugin:80 - create IPUIPlugin
2023-07-12 12:45:18,367 [INFO] IPUIPlugin:80 - create IPUIPlugin
2023-07-12 12:45:18,368 [INFO] IPUIPlugin:80 - create IPUIPlugin
2023-07-12 12:45:18,368 [INFO] IPUIPlugin:80 - create IPUIPlugin
2023-07-12 12:45:18,368 [INFO] IPUIPlugin:80 - create IPUIPlugin
2023-07-12 12:45:18,369 [INFO] IPUIPlugin:80 - create IPUIPlugin
2023-07-12 12:45:18,369 [INFO] IPUIPlugin:80 - create IPUIPlugin
2023-07-12 12:45:18,369 [INFO] IPUIPlugin:80 - create IPUIPlugin
2023-07-12 12:45:18,370 [INFO] IPUIPlugin:80 - create IPUIPlugin
2023-07-12 12:45:18,371 [INFO] IPUIPlugin:80 - create IPUIPlugin
2023-07-12 12:45:18,371 [INFO] IPUIPlugin:80 - create IPUIPlugin
2023-07-12 12:45:18,372 [INFO] IPUIPlugin:80 - create IPUIPlugin
2023-07-12 12:45:18,373 [INFO] IPUIPlugin:80 - create IPUIPlugin
2023-07-12 12:45:18,373 [INFO] IPUIPlugin:80 - create IPUIPlugin
2023-07-12 12:45:18,373 [INFO] IPUIPlugin:80 - create IPUIPlugin
2023-07-12 12:45:18,374 [INFO] IPUIPlugin:80 - create IPUIPlugin
2023-07-12 12:45:18,375 [INFO] IPUIPlugin:80 - create IPUIPlugin
2023-07-12 12:45:18,376 [INFO] IPUIPlugin:80 - create IPUIPlugin
2023-07-12 12:45:18,376 [INFO] IPUIPlugin:80 - create IPUIPlugin
2023-07-12 12:45:18,377 [INFO] IPUIPlugin:80 - create IPUIPlugin
2023-07-12 12:45:18,377 [INFO] IPUIPlugin:80 - create IPUIPlugin
2023-07-12 12:45:18,377 [INFO] IPUIPlugin:80 - create IPUIPlugin
2023-07-12 12:45:18,377 [INFO] IPUIPlugin:80 - create IPUIPlugin
2023-07-12 12:45:18,378 [INFO] IPUIPlugin:80 - create IPUIPlugin
2023-07-12 12:45:18,378 [INFO] IPUIPlugin:80 - create IPUIPlugin
2023-07-12 12:45:18,379 [INFO] IPUIPlugin:80 - create IPUIPlugin
2023-07-12 12:45:18,379 [INFO] IPUIPlugin:80 - create IPUIPlugin
2023-07-12 12:45:18,380 [INFO] IPUIPlugin:80 - create IPUIPlugin
2023-07-12 12:45:18,380 [INFO] IPUIPlugin:80 - create IPUIPlugin
2023-07-12 12:45:18,380 [INFO] IPUIPlugin:80 - create IPUIPlugin
2023-07-12 12:45:18,381 [INFO] IPUIPlugin:80 - create IPUIPlugin
2023-07-12 12:45:18,381 [INFO] IPUIPlugin:80 - create IPUIPlugin
2023-07-12 12:45:18,382 [INFO] IPUIPlugin:80 - create IPUIPlugin
2023-07-12 12:45:18,383 [INFO] IPUIPlugin:80 - create IPUIPlugin
2023-07-12 12:45:18,383 [INFO] IPUIPlugin:80 - create IPUIPlugin
2023-07-12 12:45:18,383 [INFO] IPUIPlugin:80 - create IPUIPlugin
2023-07-12 12:45:18,383 [INFO] IPUIPlugin:80 - create IPUIPlugin
2023-07-12 12:45:18,384 [INFO] IPUIPlugin:80 - create IPUIPlugin
2023-07-12 12:45:18,385 [INFO] IPUIPlugin:80 - create IPUIPlugin
2023-07-12 12:45:18,386 [INFO] IPUIPlugin:80 - create IPUIPlugin
2023-07-12 12:45:18,736 [INFO] CADModel:165 - CPN selected for project levelSTM32L433RCT6P
2023-07-12 12:45:18,736 [INFO] CADModel:114 - Register for checkConnection events
2023-07-12 12:45:18,786 [INFO] OpenFileManager:328 - Restore cursor
